<?xml version="1.0" encoding="UTF-8"?>
<!-- Generated by org.testng.reporters.JUnitReportReporter -->
<testsuite hostname="FarahYulianti" failures="0" tests="5" name="petRequestTest" time="10.369" errors="0" timestamp="06 Oct 2024 10:25:11 GMT" skipped="0">
  <testcase classname="petRequestTest" name="addPetTest" time="3.744"/>
  <testcase classname="petRequestTest" name="findPetByIdTest" time="1.607"/>
  <testcase classname="petRequestTest" name="updatePetTest" time="1.536"/>
  <testcase classname="petRequestTest" name="findPetByStatusTest" time="1.738"/>
  <testcase classname="petRequestTest" name="deletePetTest" time="1.744"/>
</testsuite> <!-- petRequestTest -->
